[INFO] 09-02-2025 16:50:10 [main] [Log] - [HomePage] Inputting passenger quantity for Childrens
[INFO] 09-02-2025 16:50:10 [main] [Log] - [HomePage] Inputting passenger quantity for Adults
[INFO] 09-02-2025 16:50:11 [main] [Log] - [HomePage] Inputting passenger quantity for Infants
[INFO] 09-02-2025 16:50:15 [main] [Log] - [Travel Option Page] Ticket price options are displayed
[INFO] 09-02-2025 17:04:45 [main] [Log] - [Base Page] Notification banner is not displayed
[INFO] 09-02-2025 17:04:47 [main] [Log] - [HomePage] Inputting passenger quantity for Adults
[INFO] 09-02-2025 17:04:48 [main] [Log] - [HomePage] Inputting passenger quantity for Childrens
[INFO] 09-02-2025 17:04:48 [main] [Log] - [HomePage] Inputting passenger quantity for Infants
[INFO] 09-02-2025 17:04:53 [main] [Log] - [Travel Option Page] Ticket price options are displayed
[INFO] 09-02-2025 17:04:53 [main] [Log] - [Travel Option Page] Selecting the lowest price
[INFO] 09-02-2025 17:04:53 [main] [Log] - [Travel Option Page] Suggested price is: 0
[INFO] 09-02-2025 17:04:53 [main] [Log] - [Travel Option Page] Selecting the lowest price: 0
[INFO] 09-02-2025 17:33:06 [main] [Log] - [Base Page] Notification banner is not displayed
[INFO] 09-02-2025 17:33:08 [main] [Log] - [HomePage] Inputting passenger quantity for Childrens
[INFO] 09-02-2025 17:33:09 [main] [Log] - [HomePage] Inputting passenger quantity for Adults
[INFO] 09-02-2025 17:33:09 [main] [Log] - [HomePage] Inputting passenger quantity for Infants
[INFO] 09-02-2025 17:33:14 [main] [Log] - [Travel Option Page] Ticket price options are displayed
[INFO] 09-02-2025 17:33:14 [main] [Log] - [Travel Option Page] Selecting the lowest price
[INFO] 09-02-2025 17:33:14 [main] [Log] - [Travel Option Page] Suggested price is: 0
[INFO] 09-02-2025 17:47:42 [main] [Log] - [Base Page] Notification banner is not displayed
